<?xml version="1.0" encoding="UTF-8"?>
<Site BuildName="(empty)"
	BuildStamp="20220731-0759-Experimental"
	Name="(empty)"
	Generator="ctest-3.16.3"
	CompilerName=""
	CompilerVersion=""
	OSName="Linux"
	Hostname="cavalry-Inspiron-7591"
	OSRelease="5.15.0-41-generic"
	OSVersion="#44~20.04.1-Ubuntu SMP Fri Jun 24 13:27:29 UTC 2022"
	OSPlatform="x86_64"
	Is64Bits="1"
	VendorString="GenuineIntel"
	VendorID="Intel Corporation"
	FamilyID="6"
	ModelID="158"
	ProcessorCacheSize="12288"
	NumberOfLogicalCPU="12"
	NumberOfPhysicalCPU="6"
	TotalVirtualMemory="15624"
	TotalPhysicalMemory="15781"
	LogicalProcessorsPerPhysical="2"
	ProcessorClockFrequency="2600"
	>
	<Testing>
		<StartDateTime>Aug 01 00:45 CST</StartDateTime>
		<StartTestTime>1659285936</StartTestTime>
		<TestList>
			<Test>./db_test</Test>
			<Test>./cache_test</Test>
			<Test>./version_set_test</Test>
			<Test>./crc32c_test</Test>
			<Test>./filter_block_test</Test>
			<Test>./dbformat_test</Test>
			<Test>./autocompact_test</Test>
			<Test>./filename_test</Test>
			<Test>./version_edit_test</Test>
			<Test>./write_batch_test</Test>
			<Test>./installation_test</Test>
			<Test>./issue200_test</Test>
			<Test>./coding_test</Test>
			<Test>./bloom_test</Test>
			<Test>./env_test</Test>
			<Test>./c_test</Test>
			<Test>./arena_test</Test>
			<Test>./corruption_test</Test>
			<Test>./skiplist_test</Test>
			<Test>./table_test</Test>
			<Test>./issue178_test</Test>
			<Test>./log_test</Test>
		</TestList>
		<Test Status="failed">
			<Name>db_test</Name>
			<Path>.</Path>
			<FullName>./db_test</FullName>
			<FullCommandLine>/home/cavalry/pebblesdb/build/db_test</FullCommandLine>
			<Results>
				<NamedMeasurement type="text/string" name="Exit Code">
					<Value>Failed</Value>
				</NamedMeasurement>
				<NamedMeasurement type="text/string" name="Exit Value">
					<Value>1</Value>
				</NamedMeasurement>
				<NamedMeasurement type="numeric/double" name="Execution Time">
					<Value>0.0093575</Value>
				</NamedMeasurement>
				<NamedMeasurement type="numeric/double" name="Processors">
					<Value>1</Value>
				</NamedMeasurement>
				<NamedMeasurement type="text/string" name="Completion Status">
					<Value>Completed</Value>
				</NamedMeasurement>
				<NamedMeasurement type="text/string" name="Command Line">
					<Value>/home/cavalry/pebblesdb/build/db_test</Value>
				</NamedMeasurement>
				<Measurement>
					<Value>==== Test DBTest.Empty
/home/cavalry/pebblesdb/src/db/db_test.cc:295: IO error: lock /tmp/leveldbtest-1000/db_test/LOCK: Resource temporarily unavailable
</Value>
				</Measurement>
			</Results>
		</Test>
		<Test Status="passed">
			<Name>cache_test</Name>
			<Path>.</Path>
			<FullName>./cache_test</FullName>
			<FullCommandLine>/home/cavalry/pebblesdb/build/cache_test</FullCommandLine>
			<Results>
				<NamedMeasurement type="numeric/double" name="Execution Time">
					<Value>0.00326589</Value>
				</NamedMeasurement>
				<NamedMeasurement type="numeric/double" name="Processors">
					<Value>1</Value>
				</NamedMeasurement>
				<NamedMeasurement type="text/string" name="Completion Status">
					<Value>Completed</Value>
				</NamedMeasurement>
				<NamedMeasurement type="text/string" name="Command Line">
					<Value>/home/cavalry/pebblesdb/build/cache_test</Value>
				</NamedMeasurement>
				<Measurement>
					<Value encoding="base64" compression="gzip">eJxtjDEKgDAMAHdf0Rc4umUoKuigFPQDpQ0YkAhNUPy9Co7ZDu44AAC3oqhrY9rwo3og9ZwnEqnA0H2JgrZhLYTiCwZixmxHJyWlg8OxU7rNZMB43v/MDGa8xv8e/LL0nWucvkKqB2QGRPs=</Value>
				</Measurement>
			</Results>
		</Test>
		<Test Status="passed">
			<Name>version_set_test</Name>
			<Path>.</Path>
			<FullName>./version_set_test</FullName>
			<FullCommandLine>/home/cavalry/pebblesdb/build/version_set_test</FullCommandLine>
			<Results>
				<NamedMeasurement type="numeric/double" name="Execution Time">
					<Value>0.00219804</Value>
				</NamedMeasurement>
				<NamedMeasurement type="numeric/double" name="Processors">
					<Value>1</Value>
				</NamedMeasurement>
				<NamedMeasurement type="text/string" name="Completion Status">
					<Value>Completed</Value>
				</NamedMeasurement>
				<NamedMeasurement type="text/string" name="Command Line">
					<Value>/home/cavalry/pebblesdb/build/version_set_test</Value>
				</NamedMeasurement>
				<Measurement>
					<Value encoding="base64" compression="gzip">eJyztbW1VQhJLS5RcMvMS3HLzEkFcfRccwtKKrlssUsGZ+al56TikvUtzSnJLCAs71eak+OUX5qXkliUmVqMS7V/WWpRTmJBcGphaWpecqpzRmpyNiHFBUD3gcSg6gIcg4NdXRTMFEqAaoq5AGJAUyM=</Value>
				</Measurement>
			</Results>
		</Test>
		<Test Status="passed">
			<Name>crc32c_test</Name>
			<Path>.</Path>
			<FullName>./crc32c_test</FullName>
			<FullCommandLine>/home/cavalry/pebblesdb/build/crc32c_test</FullCommandLine>
			<Results>
				<NamedMeasurement type="numeric/double" name="Execution Time">
					<Value>0.00161447</Value>
				</NamedMeasurement>
				<NamedMeasurement type="numeric/double" name="Processors">
					<Value>1</Value>
				</NamedMeasurement>
				<NamedMeasurement type="text/string" name="Completion Status">
					<Value>Completed</Value>
				</NamedMeasurement>
				<NamedMeasurement type="text/string" name="Command Line">
					<Value>/home/cavalry/pebblesdb/build/crc32c_test</Value>
				</NamedMeasurement>
				<Measurement>
					<Value encoding="base64" compression="gzip">eJyztbW1VQhJLS5RcA5y1gsuScxLSSxKCUotLs0pKeayRZH1SSxKT3UqTUtLLUKTCUvMKU1FV+5aUZKal4Im6JtYnA0RCnAMDnZ1UTBVKAHKFXMBAIxMKcc=</Value>
				</Measurement>
			</Results>
		</Test>
		<Test Status="passed">
			<Name>filter_block_test</Name>
			<Path>.</Path>
			<FullName>./filter_block_test</FullName>
			<FullCommandLine>/home/cavalry/pebblesdb/build/filter_block_test</FullCommandLine>
			<Results>
				<NamedMeasurement type="numeric/double" name="Execution Time">
					<Value>0.00156967</Value>
				</NamedMeasurement>
				<NamedMeasurement type="numeric/double" name="Processors">
					<Value>1</Value>
				</NamedMeasurement>
				<NamedMeasurement type="text/string" name="Completion Status">
					<Value>Completed</Value>
				</NamedMeasurement>
				<NamedMeasurement type="text/string" name="Command Line">
					<Value>/home/cavalry/pebblesdb/build/filter_block_test</Value>
				</NamedMeasurement>
				<Measurement>
					<Value encoding="base64" compression="gzip">eJyztbW1VQhJLS5RcMvMKUktcsrJT84G8fVccwtKKp1KM3NSUou4bHEqC87MS89Jdc4ozcvGo8q3NKckE0lRgGNwsKuLgrFCCVC2mAsAQ/0tsQ==</Value>
				</Measurement>
			</Results>
		</Test>
		<Test Status="passed">
			<Name>dbformat_test</Name>
			<Path>.</Path>
			<FullName>./dbformat_test</FullName>
			<FullCommandLine>/home/cavalry/pebblesdb/build/dbformat_test</FullCommandLine>
			<Results>
				<NamedMeasurement type="numeric/double" name="Execution Time">
					<Value>0.00167348</Value>
				</NamedMeasurement>
				<NamedMeasurement type="numeric/double" name="Processors">
					<Value>1</Value>
				</NamedMeasurement>
				<NamedMeasurement type="text/string" name="Completion Status">
					<Value>Completed</Value>
				</NamedMeasurement>
				<NamedMeasurement type="text/string" name="Command Line">
					<Value>/home/cavalry/pebblesdb/build/dbformat_test</Value>
				</NamedMeasurement>
				<Measurement>
					<Value encoding="base64" compression="gzip">eJyztbW1VQhJLS5RcMsvyk0sATH1PPNKUovyEnO8UyvjXfOS81NSXVJBJJctAdXBGflFJcGpBYlFiSX5RcQpB4oFlyYnpxYXw3QEOAYHu7ooGCuA5Iq5AKZLOb4=</Value>
				</Measurement>
			</Results>
		</Test>
		<Test Status="passed">
			<Name>autocompact_test</Name>
			<Path>.</Path>
			<FullName>./autocompact_test</FullName>
			<FullCommandLine>/home/cavalry/pebblesdb/build/autocompact_test</FullCommandLine>
			<Results>
				<NamedMeasurement type="numeric/double" name="Execution Time">
					<Value>0.0236835</Value>
				</NamedMeasurement>
				<NamedMeasurement type="numeric/double" name="Processors">
					<Value>1</Value>
				</NamedMeasurement>
				<NamedMeasurement type="text/string" name="Completion Status">
					<Value>Completed</Value>
				</NamedMeasurement>
				<NamedMeasurement type="text/string" name="Command Line">
					<Value>/home/cavalry/pebblesdb/build/autocompact_test</Value>
				</NamedMeasurement>
				<Measurement>
					<Value>==== Test AutoCompactTest.ReadAll
==== PASSED 1 tests
</Value>
				</Measurement>
			</Results>
		</Test>
		<Test Status="passed">
			<Name>filename_test</Name>
			<Path>.</Path>
			<FullName>./filename_test</FullName>
			<FullCommandLine>/home/cavalry/pebblesdb/build/filename_test</FullCommandLine>
			<Results>
				<NamedMeasurement type="numeric/double" name="Execution Time">
					<Value>0.00194735</Value>
				</NamedMeasurement>
				<NamedMeasurement type="numeric/double" name="Processors">
					<Value>1</Value>
				</NamedMeasurement>
				<NamedMeasurement type="text/string" name="Completion Status">
					<Value>Completed</Value>
				</NamedMeasurement>
				<NamedMeasurement type="text/string" name="Command Line">
					<Value>/home/cavalry/pebblesdb/build/filename_test</Value>
				</NamedMeasurement>
				<Measurement>
					<Value>==== Test FileNameTest.Parse
==== Test FileNameTest.Construction
==== PASSED 2 tests
</Value>
				</Measurement>
			</Results>
		</Test>
		<Test Status="passed">
			<Name>version_edit_test</Name>
			<Path>.</Path>
			<FullName>./version_edit_test</FullName>
			<FullCommandLine>/home/cavalry/pebblesdb/build/version_edit_test</FullCommandLine>
			<Results>
				<NamedMeasurement type="numeric/double" name="Execution Time">
					<Value>0.00201653</Value>
				</NamedMeasurement>
				<NamedMeasurement type="numeric/double" name="Processors">
					<Value>1</Value>
				</NamedMeasurement>
				<NamedMeasurement type="text/string" name="Completion Status">
					<Value>Completed</Value>
				</NamedMeasurement>
				<NamedMeasurement type="text/string" name="Command Line">
					<Value>/home/cavalry/pebblesdb/build/version_edit_test</Value>
				</NamedMeasurement>
				<Measurement>
					<Value>==== Test VersionEditTest.EncodeDecode
==== PASSED 1 tests
</Value>
				</Measurement>
			</Results>
		</Test>
		<Test Status="passed">
			<Name>write_batch_test</Name>
			<Path>.</Path>
			<FullName>./write_batch_test</FullName>
			<FullCommandLine>/home/cavalry/pebblesdb/build/write_batch_test</FullCommandLine>
			<Results>
				<NamedMeasurement type="numeric/double" name="Execution Time">
					<Value>0.00163525</Value>
				</NamedMeasurement>
				<NamedMeasurement type="numeric/double" name="Processors">
					<Value>1</Value>
				</NamedMeasurement>
				<NamedMeasurement type="text/string" name="Completion Status">
					<Value>Completed</Value>
				</NamedMeasurement>
				<NamedMeasurement type="text/string" name="Command Line">
					<Value>/home/cavalry/pebblesdb/build/write_batch_test</Value>
				</NamedMeasurement>
				<Measurement>
					<Value encoding="base64" compression="gzip">eJyztbW1VQhJLS5RCC/KLEl1SixJzgBx9VxzC0oquWxxSfuW5pRkFuSk4lbhnF9UVFpQkpmfh1uNY0FBal4KRD7AMTjY1UXBRKEEKFPMBQDPBzPS====</Value>
				</Measurement>
			</Results>
		</Test>
		<Test Status="passed">
			<Name>installation_test</Name>
			<Path>.</Path>
			<FullName>./installation_test</FullName>
			<FullCommandLine>/home/cavalry/pebblesdb/build/installation_test</FullCommandLine>
			<Results>
				<NamedMeasurement type="numeric/double" name="Execution Time">
					<Value>0.0308801</Value>
				</NamedMeasurement>
				<NamedMeasurement type="numeric/double" name="Processors">
					<Value>1</Value>
				</NamedMeasurement>
				<NamedMeasurement type="text/string" name="Completion Status">
					<Value>Completed</Value>
				</NamedMeasurement>
				<NamedMeasurement type="text/string" name="Command Line">
					<Value>/home/cavalry/pebblesdb/build/installation_test</Value>
				</NamedMeasurement>
				<Measurement>
					<Value encoding="base64" compression="gzip">eJwrS8wpTeXKTq00srUtg7EVFPzyS9zyS/NSrBS4FPAD5/zcgsTkksz8vGIun9Sy1BwFBbfMnNRiheDMqlQNXydNhZDM3FSN4tRkTYWg1MQUsFB4UWYJWJJLl2QAdJABzHJDGAMugmAhCXEhqTQiUgsXAFt3OZA=</Value>
				</Measurement>
			</Results>
		</Test>
		<Test Status="passed">
			<Name>issue200_test</Name>
			<Path>.</Path>
			<FullName>./issue200_test</FullName>
			<FullCommandLine>/home/cavalry/pebblesdb/build/issue200_test</FullCommandLine>
			<Results>
				<NamedMeasurement type="numeric/double" name="Execution Time">
					<Value>0.0319811</Value>
				</NamedMeasurement>
				<NamedMeasurement type="numeric/double" name="Processors">
					<Value>1</Value>
				</NamedMeasurement>
				<NamedMeasurement type="text/string" name="Completion Status">
					<Value>Completed</Value>
				</NamedMeasurement>
				<NamedMeasurement type="text/string" name="Command Line">
					<Value>/home/cavalry/pebblesdb/build/issue200_test</Value>
				</NamedMeasurement>
				<Measurement>
					<Value>==== Test Issue200.Test
==== PASSED 1 tests
</Value>
				</Measurement>
			</Results>
		</Test>
		<Test Status="passed">
			<Name>coding_test</Name>
			<Path>.</Path>
			<FullName>./coding_test</FullName>
			<FullCommandLine>/home/cavalry/pebblesdb/build/coding_test</FullCommandLine>
			<Results>
				<NamedMeasurement type="numeric/double" name="Execution Time">
					<Value>0.0575419</Value>
				</NamedMeasurement>
				<NamedMeasurement type="numeric/double" name="Processors">
					<Value>1</Value>
				</NamedMeasurement>
				<NamedMeasurement type="text/string" name="Completion Status">
					<Value>Completed</Value>
				</NamedMeasurement>
				<NamedMeasurement type="text/string" name="Command Line">
					<Value>/home/cavalry/pebblesdb/build/coding_test</Value>
				</NamedMeasurement>
				<Measurement>
					<Value encoding="base64" compression="gzip">eJyztbW1VQhJLS5RcM5PycxL13PLrEhNMTbissUqYWaCKeGalwxm+JeWFJSWYMqHJRZl5pVgMxIig81MmB7/stSitJz8ctwqQopK85ITSzLz83CbT8gUMxN8pgSXANWkF0MkAhyDg11dFAwNFEqASoq5AF/maN8=</Value>
				</Measurement>
			</Results>
		</Test>
		<Test Status="passed">
			<Name>bloom_test</Name>
			<Path>.</Path>
			<FullName>./bloom_test</FullName>
			<FullCommandLine>/home/cavalry/pebblesdb/build/bloom_test</FullCommandLine>
			<Results>
				<NamedMeasurement type="numeric/double" name="Execution Time">
					<Value>0.0822006</Value>
				</NamedMeasurement>
				<NamedMeasurement type="numeric/double" name="Processors">
					<Value>1</Value>
				</NamedMeasurement>
				<NamedMeasurement type="text/string" name="Completion Status">
					<Value>Completed</Value>
				</NamedMeasurement>
				<NamedMeasurement type="text/string" name="Command Line">
					<Value>/home/cavalry/pebblesdb/build/bloom_test</Value>
				</NamedMeasurement>
				<Measurement>
					<Value encoding="base64" compression="gzip">eJyN001rxCAQBuB7fsVcehU15qtFKIXuqbcuvacbuwmYGKK7bf5980EvzhSS05DxwfFFtdYazsYHeLHO9WvFXvsxzKfOBjMlmui/97W1ZOejnuZuuL6Z4Rpan5xq6w2Mznehuxv/CMCZTB/gGey2AjRsn4An+JyD8X8/KpIqhak8RosM0/QIFYyXmKpjVHJMs2M0qzDND1Ii4SKigpO0FJiWMRV0wsTAVUxTctccDyx4TBWdML4SMqYyJwcuMU1jmv5zJQpEVUwzKqaF4piymOb0WYVENI9pQZ+1wgkXO2WMJefWwLQ+ZPcFYanDVt/CeAvwXful17u7acB3w8VAF8D8XIxp/L64XWjrbLNqwaXa52HJL7LTOCE=</Value>
				</Measurement>
			</Results>
		</Test>
		<Test Status="passed">
			<Name>env_test</Name>
			<Path>.</Path>
			<FullName>./env_test</FullName>
			<FullCommandLine>/home/cavalry/pebblesdb/build/env_test</FullCommandLine>
			<Results>
				<NamedMeasurement type="numeric/double" name="Execution Time">
					<Value>0.302083</Value>
				</NamedMeasurement>
				<NamedMeasurement type="numeric/double" name="Processors">
					<Value>1</Value>
				</NamedMeasurement>
				<NamedMeasurement type="text/string" name="Completion Status">
					<Value>Completed</Value>
				</NamedMeasurement>
				<NamedMeasurement type="text/string" name="Command Line">
					<Value>/home/cavalry/pebblesdb/build/env_test</Value>
				</NamedMeasurement>
				<Measurement>
					<Value encoding="base64" compression="gzip">eJyztbW1VQhJLS5RcM0rC8gvzqwAcfSCSvM8c3NTUzITS1JzKrlscaryTczDKR1cklhUEpJRlJqYAlES4Bgc7OqiYKxQApQu5gIAe6YqFg==</Value>
				</Measurement>
			</Results>
		</Test>
		<Test Status="passed">
			<Name>c_test</Name>
			<Path>.</Path>
			<FullName>./c_test</FullName>
			<FullCommandLine>/home/cavalry/pebblesdb/build/c_test</FullCommandLine>
			<Results>
				<NamedMeasurement type="numeric/double" name="Execution Time">
					<Value>0.449823</Value>
				</NamedMeasurement>
				<NamedMeasurement type="numeric/double" name="Processors">
					<Value>1</Value>
				</NamedMeasurement>
				<NamedMeasurement type="text/string" name="Completion Status">
					<Value>Completed</Value>
				</NamedMeasurement>
				<NamedMeasurement type="text/string" name="Command Line">
					<Value>/home/cavalry/pebblesdb/build/c_test</Value>
				</NamedMeasurement>
				<Measurement>
					<Value encoding="base64" compression="gzip">eJxljksOgzAMRPecgotk0RtUovvIhKGkCrHlmP5OX7qoEtSNpXm2xs85119QrA8KMngebwhWOvfj0z6UXxWwIHuoslaWcEeaRj8rcLysSTarIfAqFIxS+mNK+dqUPDQaRrKwVLaT5jmJKD/j+tUv8Y1Gfl8I1Br7kknKwo2KQig2dXNMh/qQQHmT7nwahu4DczNlUA==</Value>
				</Measurement>
			</Results>
		</Test>
		<Test Status="passed">
			<Name>arena_test</Name>
			<Path>.</Path>
			<FullName>./arena_test</FullName>
			<FullCommandLine>/home/cavalry/pebblesdb/build/arena_test</FullCommandLine>
			<Results>
				<NamedMeasurement type="numeric/double" name="Execution Time">
					<Value>1.17832</Value>
				</NamedMeasurement>
				<NamedMeasurement type="numeric/double" name="Processors">
					<Value>1</Value>
				</NamedMeasurement>
				<NamedMeasurement type="text/string" name="Completion Status">
					<Value>Completed</Value>
				</NamedMeasurement>
				<NamedMeasurement type="text/string" name="Command Line">
					<Value>/home/cavalry/pebblesdb/build/arena_test</Value>
				</NamedMeasurement>
				<Measurement>
					<Value>==== Test ArenaTest.Empty
==== Test ArenaTest.Simple
==== PASSED 2 tests
</Value>
				</Measurement>
			</Results>
		</Test>
		<Test Status="passed">
			<Name>corruption_test</Name>
			<Path>.</Path>
			<FullName>./corruption_test</FullName>
			<FullCommandLine>/home/cavalry/pebblesdb/build/corruption_test</FullCommandLine>
			<Results>
				<NamedMeasurement type="numeric/double" name="Execution Time">
					<Value>4.08041</Value>
				</NamedMeasurement>
				<NamedMeasurement type="numeric/double" name="Processors">
					<Value>1</Value>
				</NamedMeasurement>
				<NamedMeasurement type="text/string" name="Completion Status">
					<Value>Completed</Value>
				</NamedMeasurement>
				<NamedMeasurement type="text/string" name="Command Line">
					<Value>/home/cavalry/pebblesdb/build/corruption_test</Value>
				</NamedMeasurement>
				<Measurement>
					<Value encoding="base64" compression="gzip">eJylUstOwzAQvOcr/AVW+oQK+URBqhAVKkUckRMvrUVih7XTx9+zeUBSqaGReol3lZmd8XiFEIKtwXl2bxHzzGtripavILY7wGMAhwxiD0oMwpBz+tyxjfWiLCKpPr7g6ERd72SSQ9ml2jnihA19NOV8NK3IxXmROx0H4oK7d9QeHhAtdkOXsH/USYWa56jNpmR1E9YySqCgNN5ndPPZrPJenB3eB617Xx6/gkxqbIlMWiK3PQIa9hBZGAWHufSy0ZmEYXmdX62bSc+n7FR7JgTlOgcXo868xZOlqbamWZsrxV7hOwcTwzJPI8C/Ne3E1y2olr1/wGkm46JdmCz31Wo1yVFs9fv02oGTFOoYWjlcGcQ5ry8SpbFadbPeDEIiydQTyQaCcx6st8CwgNpP5qn2ZZ17Gsr20tG/lDJWjN44BqY9g0MMoFwF3hJ1axNVsAfhcMyiIw3gwQ/XZHwR====</Value>
				</Measurement>
			</Results>
		</Test>
		<Test Status="passed">
			<Name>skiplist_test</Name>
			<Path>.</Path>
			<FullName>./skiplist_test</FullName>
			<FullCommandLine>/home/cavalry/pebblesdb/build/skiplist_test</FullCommandLine>
			<Results>
				<NamedMeasurement type="numeric/double" name="Execution Time">
					<Value>4.91294</Value>
				</NamedMeasurement>
				<NamedMeasurement type="numeric/double" name="Processors">
					<Value>1</Value>
				</NamedMeasurement>
				<NamedMeasurement type="text/string" name="Completion Status">
					<Value>Completed</Value>
				</NamedMeasurement>
				<NamedMeasurement type="text/string" name="Command Line">
					<Value>/home/cavalry/pebblesdb/build/skiplist_test</Value>
				</NamedMeasurement>
				<Measurement>
					<Value encoding="base64" compression="gzip">eJzVkzsOwjAQRPucYk9gJSHhU7hAiAKJCiJRQ7zIVsCO7DWQ22NCAwZRk26eZrR6zXLOOVToCLaNah+BLc8tdQn/LFbaoaW5FmtjGt9+myyMrr21qGmnSBpPlbS4F+73Nks2XkMK5ghZmqY9hfDGecSjiIuIy4jHEU8inkY8e+Gf8vmQ5UdDli+GLF/+hzxjLKkkgn1oho5Cpj57aj3Bde9CdzYXFOCUrhEUAd5qROGe4/DgTpqTeF7OCzh04QBL7kBDLoY=</Value>
				</Measurement>
			</Results>
		</Test>
		<Test Status="passed">
			<Name>table_test</Name>
			<Path>.</Path>
			<FullName>./table_test</FullName>
			<FullCommandLine>/home/cavalry/pebblesdb/build/table_test</FullCommandLine>
			<Results>
				<NamedMeasurement type="numeric/double" name="Execution Time">
					<Value>5.46058</Value>
				</NamedMeasurement>
				<NamedMeasurement type="numeric/double" name="Processors">
					<Value>1</Value>
				</NamedMeasurement>
				<NamedMeasurement type="text/string" name="Completion Status">
					<Value>Completed</Value>
				</NamedMeasurement>
				<NamedMeasurement type="text/string" name="Command Line">
					<Value>/home/cavalry/pebblesdb/build/table_test</Value>
				</NamedMeasurement>
				<Measurement>
					<Value encoding="base64" compression="gzip">eJyF08FKxDAQBuB7n2KeoDTZbhEhF0FQZEF29+RFYjtug2lSkqm6Pr2xCyLYZm4h35/JT0qVUgqOGAnudHAYY3k7jHQu1L/9Jwx+nzZ0oEdvHMV7d2N9+7YQPZhhtDgPesClWZfAwbiTxVXeTZbM+uERW6Pt8vy9dp0fzBd2RasjggD/CqK5BjcNz+goGIygoMqqyLPM8ybPdZ63zN2M14w3jF8xLiouwDUUXEXBdRS/JWX2666oyLPM8ybPdZ6Z4pLxmvGG8b8PV5ZlcewRws/vk9KU1jSvJxongg8dkw3+HTuIxrUIhgA/W8QuXsJ9Otp72813VbKGl3MaUBbf92JcWQ==</Value>
				</Measurement>
			</Results>
		</Test>
		<Test Status="passed">
			<Name>issue178_test</Name>
			<Path>.</Path>
			<FullName>./issue178_test</FullName>
			<FullCommandLine>/home/cavalry/pebblesdb/build/issue178_test</FullCommandLine>
			<Results>
				<NamedMeasurement type="numeric/double" name="Execution Time">
					<Value>20.0257</Value>
				</NamedMeasurement>
				<NamedMeasurement type="numeric/double" name="Processors">
					<Value>1</Value>
				</NamedMeasurement>
				<NamedMeasurement type="text/string" name="Completion Status">
					<Value>Completed</Value>
				</NamedMeasurement>
				<NamedMeasurement type="text/string" name="Command Line">
					<Value>/home/cavalry/pebblesdb/build/issue178_test</Value>
				</NamedMeasurement>
				<Measurement>
					<Value>==== Test Issue178.Test
==== PASSED 1 tests
</Value>
				</Measurement>
			</Results>
		</Test>
		<Test Status="passed">
			<Name>log_test</Name>
			<Path>.</Path>
			<FullName>./log_test</FullName>
			<FullCommandLine>/home/cavalry/pebblesdb/build/log_test</FullCommandLine>
			<Results>
				<NamedMeasurement type="numeric/double" name="Execution Time">
					<Value>26.2797</Value>
				</NamedMeasurement>
				<NamedMeasurement type="numeric/double" name="Processors">
					<Value>1</Value>
				</NamedMeasurement>
				<NamedMeasurement type="text/string" name="Completion Status">
					<Value>Completed</Value>
				</NamedMeasurement>
				<NamedMeasurement type="text/string" name="Command Line">
					<Value>/home/cavalry/pebblesdb/build/log_test</Value>
				</NamedMeasurement>
				<Measurement>
					<Value encoding="base64" compression="gzip">eJyFkk1OwzAQhfc9hU8QQcU2ixalUlGrotaItYmnsYUzjsYTaG6Pk0iwwHFXsfK+efNblmUpJAQWB9+M36JqOx5W5b//Z1D6nSxDQjsqHLbO158hIe5INS0gK7Yek8HUWFROkrIO6D6xTiAX44mXHTbONgi68tdUZwq1b8f+FtquiHzKdav0GWpPWg5daiySeqwVg54Ks9jM9D7sG/QEqXTR8gDYsMlpG64w6/JsIO6ib482tIrrlNkbwq2DOhZ3tFo7WGjhDzuowHehXe/cfcjSolWsOMRBjclyDb4qYqvcPWxa3Iu3GObJp85zXPCFo9+SFiNRnxBO1+Tx/CISUBrfh3hNWS6XTBpL+VwTkbPY+Z7YZD1mZFpDURQraUDQyPir4Pjm6d1z17P4ViFqrf8CLeJiahCWBdxqAB1m2MRQ450eox8f1k/iY4gGxeoH5ieAzg==</Value>
				</Measurement>
			</Results>
		</Test>
		<EndDateTime>Aug 01 00:46 CST</EndDateTime>
		<EndTestTime>1659285962</EndTestTime>
		<ElapsedMinutes>0</ElapsedMinutes>
	</Testing>
</Site>
